ERROR - 2023-09-22 00:02:03 --> Error connecting to the database: mysqli_sql_exception: No connection could be made because the target machine actively refused it in D:\laragon\www\Laboratory1\system\Database\MySQLi\Connection.php:185
Stack trace:
#0 D:\laragon\www\Laboratory1\system\Database\MySQLi\Connection.php(185): mysqli->real_connect('localhost', 'root', '', 'laboratory1', 3306, '', 0)
#1 D:\laragon\www\Laboratory1\system\Database\BaseConnection.php(391): CodeIgniter\Database\MySQLi\Connection->connect(false)
#2 D:\laragon\www\Laboratory1\system\Database\BaseConnection.php(574): CodeIgniter\Database\BaseConnection->initialize()
#3 D:\laragon\www\Laboratory1\system\Database\BaseBuilder.php(1615): CodeIgniter\Database\BaseConnection->query('SELECT *\nFROM `...', Array, false)
#4 D:\laragon\www\Laboratory1\system\Model.php(237): CodeIgniter\Database\BaseBuilder->get()
#5 D:\laragon\www\Laboratory1\system\BaseModel.php(624): CodeIgniter\Model->doFindAll(0, 0)
#6 D:\laragon\www\Laboratory1\app\Controllers\MainController.php(53): CodeIgniter\BaseModel->findAll()
#7 D:\laragon\www\Laboratory1\system\CodeIgniter.php(919): App\Controllers\MainController->test()
#8 D:\laragon\www\Laboratory1\system\CodeIgniter.php(494): CodeIgniter\CodeIgniter->runController(Object(App\Controllers\MainController))
#9 D:\laragon\www\Laboratory1\system\CodeIgniter.php(353): CodeIgniter\CodeIgniter->handleRequest(NULL, Object(Config\Cache), false)
#10 D:\laragon\www\Laboratory1\public\index.php(79): CodeIgniter\CodeIgniter->run()
#11 D:\laragon\www\Laboratory1\system\Commands\Server\rewrite.php(47): require_once('D:\\laragon\\www\\...')
#12 {main}

Next CodeIgniter\Database\Exceptions\DatabaseException: No connection could be made because the target machine actively refused it in D:\laragon\www\Laboratory1\system\Database\MySQLi\Connection.php:229
Stack trace:
#0 D:\laragon\www\Laboratory1\system\Database\BaseConnection.php(391): CodeIgniter\Database\MySQLi\Connection->connect(false)
#1 D:\laragon\www\Laboratory1\system\Database\BaseConnection.php(574): CodeIgniter\Database\BaseConnection->initialize()
#2 D:\laragon\www\Laboratory1\system\Database\BaseBuilder.php(1615): CodeIgniter\Database\BaseConnection->query('SELECT *\nFROM `...', Array, false)
#3 D:\laragon\www\Laboratory1\system\Model.php(237): CodeIgniter\Database\BaseBuilder->get()
#4 D:\laragon\www\Laboratory1\system\BaseModel.php(624): CodeIgniter\Model->doFindAll(0, 0)
#5 D:\laragon\www\Laboratory1\app\Controllers\MainController.php(53): CodeIgniter\BaseModel->findAll()
#6 D:\laragon\www\Laboratory1\system\CodeIgniter.php(919): App\Controllers\MainController->test()
#7 D:\laragon\www\Laboratory1\system\CodeIgniter.php(494): CodeIgniter\CodeIgniter->runController(Object(App\Controllers\MainController))
#8 D:\laragon\www\Laboratory1\system\CodeIgniter.php(353): CodeIgniter\CodeIgniter->handleRequest(NULL, Object(Config\Cache), false)
#9 D:\laragon\www\Laboratory1\public\index.php(79): CodeIgniter\CodeIgniter->run()
#10 D:\laragon\www\Laboratory1\system\Commands\Server\rewrite.php(47): require_once('D:\\laragon\\www\\...')
#11 {main}
CRITICAL - 2023-09-22 00:02:03 --> Unable to connect to the database.
Main connection [MySQLi]: No connection could be made because the target machine actively refused it
in SYSTEMPATH\Database\BaseConnection.php on line 427.
 1 SYSTEMPATH\Database\BaseConnection.php(574): CodeIgniter\Database\BaseConnection->initialize()
 2 SYSTEMPATH\Database\BaseBuilder.php(1615): CodeIgniter\Database\BaseConnection->query('SELECT *
FROM `table_students`', [], false)
 3 SYSTEMPATH\Model.php(237): CodeIgniter\Database\BaseBuilder->get()
 4 SYSTEMPATH\BaseModel.php(624): CodeIgniter\Model->doFindAll(0, 0)
 5 APPPATH\Controllers\MainController.php(53): CodeIgniter\BaseModel->findAll()
 6 SYSTEMPATH\CodeIgniter.php(919): App\Controllers\MainController->test()
 7 SYSTEMPATH\CodeIgniter.php(494): CodeIgniter\CodeIgniter->runController(Object(App\Controllers\MainController))
 8 SYSTEMPATH\CodeIgniter.php(353): CodeIgniter\CodeIgniter->handleRequest(null, Object(Config\Cache), false)
 9 FCPATH\index.php(79): CodeIgniter\CodeIgniter->run()
10 SYSTEMPATH\Commands\Server\rewrite.php(47): require_once('D:\\laragon\\www\\Laboratory1\\public\\index.php')
ERROR - 2023-09-22 00:02:08 --> Error connecting to the database: mysqli_sql_exception: No connection could be made because the target machine actively refused it in D:\laragon\www\Laboratory1\system\Database\MySQLi\Connection.php:185
Stack trace:
#0 D:\laragon\www\Laboratory1\system\Database\MySQLi\Connection.php(185): mysqli->real_connect('localhost', 'root', '', 'laboratory1', 3306, '', 0)
#1 D:\laragon\www\Laboratory1\system\Database\BaseConnection.php(391): CodeIgniter\Database\MySQLi\Connection->connect(false)
#2 D:\laragon\www\Laboratory1\system\Database\BaseConnection.php(574): CodeIgniter\Database\BaseConnection->initialize()
#3 D:\laragon\www\Laboratory1\system\Database\BaseBuilder.php(1615): CodeIgniter\Database\BaseConnection->query('SELECT *\nFROM `...', Array, false)
#4 D:\laragon\www\Laboratory1\system\Model.php(237): CodeIgniter\Database\BaseBuilder->get()
#5 D:\laragon\www\Laboratory1\system\BaseModel.php(624): CodeIgniter\Model->doFindAll(0, 0)
#6 D:\laragon\www\Laboratory1\app\Controllers\MainController.php(53): CodeIgniter\BaseModel->findAll()
#7 D:\laragon\www\Laboratory1\system\CodeIgniter.php(919): App\Controllers\MainController->test()
#8 D:\laragon\www\Laboratory1\system\CodeIgniter.php(494): CodeIgniter\CodeIgniter->runController(Object(App\Controllers\MainController))
#9 D:\laragon\www\Laboratory1\system\CodeIgniter.php(353): CodeIgniter\CodeIgniter->handleRequest(NULL, Object(Config\Cache), false)
#10 D:\laragon\www\Laboratory1\public\index.php(79): CodeIgniter\CodeIgniter->run()
#11 D:\laragon\www\Laboratory1\system\Commands\Server\rewrite.php(47): require_once('D:\\laragon\\www\\...')
#12 {main}

Next CodeIgniter\Database\Exceptions\DatabaseException: No connection could be made because the target machine actively refused it in D:\laragon\www\Laboratory1\system\Database\MySQLi\Connection.php:229
Stack trace:
#0 D:\laragon\www\Laboratory1\system\Database\BaseConnection.php(391): CodeIgniter\Database\MySQLi\Connection->connect(false)
#1 D:\laragon\www\Laboratory1\system\Database\BaseConnection.php(574): CodeIgniter\Database\BaseConnection->initialize()
#2 D:\laragon\www\Laboratory1\system\Database\BaseBuilder.php(1615): CodeIgniter\Database\BaseConnection->query('SELECT *\nFROM `...', Array, false)
#3 D:\laragon\www\Laboratory1\system\Model.php(237): CodeIgniter\Database\BaseBuilder->get()
#4 D:\laragon\www\Laboratory1\system\BaseModel.php(624): CodeIgniter\Model->doFindAll(0, 0)
#5 D:\laragon\www\Laboratory1\app\Controllers\MainController.php(53): CodeIgniter\BaseModel->findAll()
#6 D:\laragon\www\Laboratory1\system\CodeIgniter.php(919): App\Controllers\MainController->test()
#7 D:\laragon\www\Laboratory1\system\CodeIgniter.php(494): CodeIgniter\CodeIgniter->runController(Object(App\Controllers\MainController))
#8 D:\laragon\www\Laboratory1\system\CodeIgniter.php(353): CodeIgniter\CodeIgniter->handleRequest(NULL, Object(Config\Cache), false)
#9 D:\laragon\www\Laboratory1\public\index.php(79): CodeIgniter\CodeIgniter->run()
#10 D:\laragon\www\Laboratory1\system\Commands\Server\rewrite.php(47): require_once('D:\\laragon\\www\\...')
#11 {main}
CRITICAL - 2023-09-22 00:02:08 --> Unable to connect to the database.
Main connection [MySQLi]: No connection could be made because the target machine actively refused it
in SYSTEMPATH\Database\BaseConnection.php on line 427.
 1 SYSTEMPATH\Database\BaseConnection.php(574): CodeIgniter\Database\BaseConnection->initialize()
 2 SYSTEMPATH\Database\BaseBuilder.php(1615): CodeIgniter\Database\BaseConnection->query('SELECT *
FROM `table_students`', [], false)
 3 SYSTEMPATH\Model.php(237): CodeIgniter\Database\BaseBuilder->get()
 4 SYSTEMPATH\BaseModel.php(624): CodeIgniter\Model->doFindAll(0, 0)
 5 APPPATH\Controllers\MainController.php(53): CodeIgniter\BaseModel->findAll()
 6 SYSTEMPATH\CodeIgniter.php(919): App\Controllers\MainController->test()
 7 SYSTEMPATH\CodeIgniter.php(494): CodeIgniter\CodeIgniter->runController(Object(App\Controllers\MainController))
 8 SYSTEMPATH\CodeIgniter.php(353): CodeIgniter\CodeIgniter->handleRequest(null, Object(Config\Cache), false)
 9 FCPATH\index.php(79): CodeIgniter\CodeIgniter->run()
10 SYSTEMPATH\Commands\Server\rewrite.php(47): require_once('D:\\laragon\\www\\Laboratory1\\public\\index.php')
ERROR - 2023-09-22 00:02:17 --> Error connecting to the database: mysqli_sql_exception: No connection could be made because the target machine actively refused it in D:\laragon\www\Laboratory1\system\Database\MySQLi\Connection.php:185
Stack trace:
#0 D:\laragon\www\Laboratory1\system\Database\MySQLi\Connection.php(185): mysqli->real_connect('localhost', 'root', '', 'laboratory1', 3306, '', 0)
#1 D:\laragon\www\Laboratory1\system\Database\BaseConnection.php(391): CodeIgniter\Database\MySQLi\Connection->connect(false)
#2 D:\laragon\www\Laboratory1\system\Database\BaseConnection.php(574): CodeIgniter\Database\BaseConnection->initialize()
#3 D:\laragon\www\Laboratory1\system\Database\BaseBuilder.php(1615): CodeIgniter\Database\BaseConnection->query('SELECT *\nFROM `...', Array, false)
#4 D:\laragon\www\Laboratory1\system\Model.php(237): CodeIgniter\Database\BaseBuilder->get()
#5 D:\laragon\www\Laboratory1\system\BaseModel.php(624): CodeIgniter\Model->doFindAll(0, 0)
#6 D:\laragon\www\Laboratory1\app\Controllers\MainController.php(53): CodeIgniter\BaseModel->findAll()
#7 D:\laragon\www\Laboratory1\system\CodeIgniter.php(919): App\Controllers\MainController->test()
#8 D:\laragon\www\Laboratory1\system\CodeIgniter.php(494): CodeIgniter\CodeIgniter->runController(Object(App\Controllers\MainController))
#9 D:\laragon\www\Laboratory1\system\CodeIgniter.php(353): CodeIgniter\CodeIgniter->handleRequest(NULL, Object(Config\Cache), false)
#10 D:\laragon\www\Laboratory1\public\index.php(79): CodeIgniter\CodeIgniter->run()
#11 D:\laragon\www\Laboratory1\system\Commands\Server\rewrite.php(47): require_once('D:\\laragon\\www\\...')
#12 {main}

Next CodeIgniter\Database\Exceptions\DatabaseException: No connection could be made because the target machine actively refused it in D:\laragon\www\Laboratory1\system\Database\MySQLi\Connection.php:229
Stack trace:
#0 D:\laragon\www\Laboratory1\system\Database\BaseConnection.php(391): CodeIgniter\Database\MySQLi\Connection->connect(false)
#1 D:\laragon\www\Laboratory1\system\Database\BaseConnection.php(574): CodeIgniter\Database\BaseConnection->initialize()
#2 D:\laragon\www\Laboratory1\system\Database\BaseBuilder.php(1615): CodeIgniter\Database\BaseConnection->query('SELECT *\nFROM `...', Array, false)
#3 D:\laragon\www\Laboratory1\system\Model.php(237): CodeIgniter\Database\BaseBuilder->get()
#4 D:\laragon\www\Laboratory1\system\BaseModel.php(624): CodeIgniter\Model->doFindAll(0, 0)
#5 D:\laragon\www\Laboratory1\app\Controllers\MainController.php(53): CodeIgniter\BaseModel->findAll()
#6 D:\laragon\www\Laboratory1\system\CodeIgniter.php(919): App\Controllers\MainController->test()
#7 D:\laragon\www\Laboratory1\system\CodeIgniter.php(494): CodeIgniter\CodeIgniter->runController(Object(App\Controllers\MainController))
#8 D:\laragon\www\Laboratory1\system\CodeIgniter.php(353): CodeIgniter\CodeIgniter->handleRequest(NULL, Object(Config\Cache), false)
#9 D:\laragon\www\Laboratory1\public\index.php(79): CodeIgniter\CodeIgniter->run()
#10 D:\laragon\www\Laboratory1\system\Commands\Server\rewrite.php(47): require_once('D:\\laragon\\www\\...')
#11 {main}
CRITICAL - 2023-09-22 00:02:17 --> Unable to connect to the database.
Main connection [MySQLi]: No connection could be made because the target machine actively refused it
in SYSTEMPATH\Database\BaseConnection.php on line 427.
 1 SYSTEMPATH\Database\BaseConnection.php(574): CodeIgniter\Database\BaseConnection->initialize()
 2 SYSTEMPATH\Database\BaseBuilder.php(1615): CodeIgniter\Database\BaseConnection->query('SELECT *
FROM `table_students`', [], false)
 3 SYSTEMPATH\Model.php(237): CodeIgniter\Database\BaseBuilder->get()
 4 SYSTEMPATH\BaseModel.php(624): CodeIgniter\Model->doFindAll(0, 0)
 5 APPPATH\Controllers\MainController.php(53): CodeIgniter\BaseModel->findAll()
 6 SYSTEMPATH\CodeIgniter.php(919): App\Controllers\MainController->test()
 7 SYSTEMPATH\CodeIgniter.php(494): CodeIgniter\CodeIgniter->runController(Object(App\Controllers\MainController))
 8 SYSTEMPATH\CodeIgniter.php(353): CodeIgniter\CodeIgniter->handleRequest(null, Object(Config\Cache), false)
 9 FCPATH\index.php(79): CodeIgniter\CodeIgniter->run()
10 SYSTEMPATH\Commands\Server\rewrite.php(47): require_once('D:\\laragon\\www\\Laboratory1\\public\\index.php')
ERROR - 2023-09-22 00:02:21 --> Error connecting to the database: mysqli_sql_exception: No connection could be made because the target machine actively refused it in D:\laragon\www\Laboratory1\system\Database\MySQLi\Connection.php:185
Stack trace:
#0 D:\laragon\www\Laboratory1\system\Database\MySQLi\Connection.php(185): mysqli->real_connect('localhost', 'root', '', 'laboratory1', 3306, '', 0)
#1 D:\laragon\www\Laboratory1\system\Database\BaseConnection.php(391): CodeIgniter\Database\MySQLi\Connection->connect(false)
#2 D:\laragon\www\Laboratory1\system\Database\BaseConnection.php(574): CodeIgniter\Database\BaseConnection->initialize()
#3 D:\laragon\www\Laboratory1\system\Database\BaseBuilder.php(1615): CodeIgniter\Database\BaseConnection->query('SELECT *\nFROM `...', Array, false)
#4 D:\laragon\www\Laboratory1\system\Model.php(237): CodeIgniter\Database\BaseBuilder->get()
#5 D:\laragon\www\Laboratory1\system\BaseModel.php(624): CodeIgniter\Model->doFindAll(0, 0)
#6 D:\laragon\www\Laboratory1\app\Controllers\MainController.php(53): CodeIgniter\BaseModel->findAll()
#7 D:\laragon\www\Laboratory1\system\CodeIgniter.php(919): App\Controllers\MainController->test()
#8 D:\laragon\www\Laboratory1\system\CodeIgniter.php(494): CodeIgniter\CodeIgniter->runController(Object(App\Controllers\MainController))
#9 D:\laragon\www\Laboratory1\system\CodeIgniter.php(353): CodeIgniter\CodeIgniter->handleRequest(NULL, Object(Config\Cache), false)
#10 D:\laragon\www\Laboratory1\public\index.php(79): CodeIgniter\CodeIgniter->run()
#11 D:\laragon\www\Laboratory1\system\Commands\Server\rewrite.php(47): require_once('D:\\laragon\\www\\...')
#12 {main}

Next CodeIgniter\Database\Exceptions\DatabaseException: No connection could be made because the target machine actively refused it in D:\laragon\www\Laboratory1\system\Database\MySQLi\Connection.php:229
Stack trace:
#0 D:\laragon\www\Laboratory1\system\Database\BaseConnection.php(391): CodeIgniter\Database\MySQLi\Connection->connect(false)
#1 D:\laragon\www\Laboratory1\system\Database\BaseConnection.php(574): CodeIgniter\Database\BaseConnection->initialize()
#2 D:\laragon\www\Laboratory1\system\Database\BaseBuilder.php(1615): CodeIgniter\Database\BaseConnection->query('SELECT *\nFROM `...', Array, false)
#3 D:\laragon\www\Laboratory1\system\Model.php(237): CodeIgniter\Database\BaseBuilder->get()
#4 D:\laragon\www\Laboratory1\system\BaseModel.php(624): CodeIgniter\Model->doFindAll(0, 0)
#5 D:\laragon\www\Laboratory1\app\Controllers\MainController.php(53): CodeIgniter\BaseModel->findAll()
#6 D:\laragon\www\Laboratory1\system\CodeIgniter.php(919): App\Controllers\MainController->test()
#7 D:\laragon\www\Laboratory1\system\CodeIgniter.php(494): CodeIgniter\CodeIgniter->runController(Object(App\Controllers\MainController))
#8 D:\laragon\www\Laboratory1\system\CodeIgniter.php(353): CodeIgniter\CodeIgniter->handleRequest(NULL, Object(Config\Cache), false)
#9 D:\laragon\www\Laboratory1\public\index.php(79): CodeIgniter\CodeIgniter->run()
#10 D:\laragon\www\Laboratory1\system\Commands\Server\rewrite.php(47): require_once('D:\\laragon\\www\\...')
#11 {main}
CRITICAL - 2023-09-22 00:02:21 --> Unable to connect to the database.
Main connection [MySQLi]: No connection could be made because the target machine actively refused it
in SYSTEMPATH\Database\BaseConnection.php on line 427.
 1 SYSTEMPATH\Database\BaseConnection.php(574): CodeIgniter\Database\BaseConnection->initialize()
 2 SYSTEMPATH\Database\BaseBuilder.php(1615): CodeIgniter\Database\BaseConnection->query('SELECT *
FROM `table_students`', [], false)
 3 SYSTEMPATH\Model.php(237): CodeIgniter\Database\BaseBuilder->get()
 4 SYSTEMPATH\BaseModel.php(624): CodeIgniter\Model->doFindAll(0, 0)
 5 APPPATH\Controllers\MainController.php(53): CodeIgniter\BaseModel->findAll()
 6 SYSTEMPATH\CodeIgniter.php(919): App\Controllers\MainController->test()
 7 SYSTEMPATH\CodeIgniter.php(494): CodeIgniter\CodeIgniter->runController(Object(App\Controllers\MainController))
 8 SYSTEMPATH\CodeIgniter.php(353): CodeIgniter\CodeIgniter->handleRequest(null, Object(Config\Cache), false)
 9 FCPATH\index.php(79): CodeIgniter\CodeIgniter->run()
10 SYSTEMPATH\Commands\Server\rewrite.php(47): require_once('D:\\laragon\\www\\Laboratory1\\public\\index.php')
CRITICAL - 2023-09-22 00:03:00 --> Undefined variable $sections
in APPPATH\Views\main.php on line 23.
 1 APPPATH\Views\main.php(23): CodeIgniter\Debug\Exceptions->errorHandler(2, 'Undefined variable $sections', 'D:\\laragon\\www\\Laboratory1\\app\\Views\\main.php', 23)
 2 SYSTEMPATH\View\View.php(226): include('D:\\laragon\\www\\Laboratory1\\app\\Views\\main.php')
 3 SYSTEMPATH\View\View.php(229): CodeIgniter\View\View->CodeIgniter\View\{closure}()
 4 SYSTEMPATH\Common.php(1188): CodeIgniter\View\View->render('main', [], true)
 5 APPPATH\Controllers\MainController.php(55): view('main', [...])
 6 SYSTEMPATH\CodeIgniter.php(919): App\Controllers\MainController->test()
 7 SYSTEMPATH\CodeIgniter.php(494): CodeIgniter\CodeIgniter->runController(Object(App\Controllers\MainController))
 8 SYSTEMPATH\CodeIgniter.php(353): CodeIgniter\CodeIgniter->handleRequest(null, Object(Config\Cache), false)
 9 FCPATH\index.php(79): CodeIgniter\CodeIgniter->run()
10 SYSTEMPATH\Commands\Server\rewrite.php(47): require_once('D:\\laragon\\www\\Laboratory1\\public\\index.php')
CRITICAL - 2023-09-22 00:20:20 --> Undefined variable $sections
in APPPATH\Views\main.php on line 24.
 1 APPPATH\Views\main.php(24): CodeIgniter\Debug\Exceptions->errorHandler(2, 'Undefined variable $sections', 'D:\\laragon\\www\\Laboratory1\\app\\Views\\main.php', 24)
 2 SYSTEMPATH\View\View.php(226): include('D:\\laragon\\www\\Laboratory1\\app\\Views\\main.php')
 3 SYSTEMPATH\View\View.php(229): CodeIgniter\View\View->CodeIgniter\View\{closure}()
 4 SYSTEMPATH\Common.php(1188): CodeIgniter\View\View->render('main', [], true)
 5 APPPATH\Controllers\MainController.php(55): view('main', [...])
 6 SYSTEMPATH\CodeIgniter.php(919): App\Controllers\MainController->test()
 7 SYSTEMPATH\CodeIgniter.php(494): CodeIgniter\CodeIgniter->runController(Object(App\Controllers\MainController))
 8 SYSTEMPATH\CodeIgniter.php(353): CodeIgniter\CodeIgniter->handleRequest(null, Object(Config\Cache), false)
 9 FCPATH\index.php(79): CodeIgniter\CodeIgniter->run()
10 SYSTEMPATH\Commands\Server\rewrite.php(47): require_once('D:\\laragon\\www\\Laboratory1\\public\\index.php')
CRITICAL - 2023-09-22 00:20:48 --> Undefined variable $sections
in APPPATH\Views\main.php on line 24.
 1 APPPATH\Views\main.php(24): CodeIgniter\Debug\Exceptions->errorHandler(2, 'Undefined variable $sections', 'D:\\laragon\\www\\Laboratory1\\app\\Views\\main.php', 24)
 2 SYSTEMPATH\View\View.php(226): include('D:\\laragon\\www\\Laboratory1\\app\\Views\\main.php')
 3 SYSTEMPATH\View\View.php(229): CodeIgniter\View\View->CodeIgniter\View\{closure}()
 4 SYSTEMPATH\Common.php(1188): CodeIgniter\View\View->render('main', [], true)
 5 APPPATH\Controllers\MainController.php(55): view('main', [...])
 6 SYSTEMPATH\CodeIgniter.php(919): App\Controllers\MainController->test()
 7 SYSTEMPATH\CodeIgniter.php(494): CodeIgniter\CodeIgniter->runController(Object(App\Controllers\MainController))
 8 SYSTEMPATH\CodeIgniter.php(353): CodeIgniter\CodeIgniter->handleRequest(null, Object(Config\Cache), false)
 9 FCPATH\index.php(79): CodeIgniter\CodeIgniter->run()
10 SYSTEMPATH\Commands\Server\rewrite.php(47): require_once('D:\\laragon\\www\\Laboratory1\\public\\index.php')
CRITICAL - 2023-09-22 00:23:55 --> Undefined variable $sections
in APPPATH\Views\main.php on line 24.
 1 APPPATH\Views\main.php(24): CodeIgniter\Debug\Exceptions->errorHandler(2, 'Undefined variable $sections', 'D:\\laragon\\www\\Laboratory1\\app\\Views\\main.php', 24)
 2 SYSTEMPATH\View\View.php(226): include('D:\\laragon\\www\\Laboratory1\\app\\Views\\main.php')
 3 SYSTEMPATH\View\View.php(229): CodeIgniter\View\View->CodeIgniter\View\{closure}()
 4 SYSTEMPATH\Common.php(1188): CodeIgniter\View\View->render('main', [], true)
 5 APPPATH\Controllers\MainController.php(55): view('main', [...])
 6 SYSTEMPATH\CodeIgniter.php(919): App\Controllers\MainController->test()
 7 SYSTEMPATH\CodeIgniter.php(494): CodeIgniter\CodeIgniter->runController(Object(App\Controllers\MainController))
 8 SYSTEMPATH\CodeIgniter.php(353): CodeIgniter\CodeIgniter->handleRequest(null, Object(Config\Cache), false)
 9 FCPATH\index.php(79): CodeIgniter\CodeIgniter->run()
10 SYSTEMPATH\Commands\Server\rewrite.php(47): require_once('D:\\laragon\\www\\Laboratory1\\public\\index.php')
CRITICAL - 2023-09-22 00:24:44 --> Undefined variable $sections
in APPPATH\Views\main.php on line 24.
 1 APPPATH\Views\main.php(24): CodeIgniter\Debug\Exceptions->errorHandler(2, 'Undefined variable $sections', 'D:\\laragon\\www\\Laboratory1\\app\\Views\\main.php', 24)
 2 SYSTEMPATH\View\View.php(226): include('D:\\laragon\\www\\Laboratory1\\app\\Views\\main.php')
 3 SYSTEMPATH\View\View.php(229): CodeIgniter\View\View->CodeIgniter\View\{closure}()
 4 SYSTEMPATH\Common.php(1188): CodeIgniter\View\View->render('main', [], true)
 5 APPPATH\Controllers\MainController.php(55): view('main', [...])
 6 SYSTEMPATH\CodeIgniter.php(919): App\Controllers\MainController->test()
 7 SYSTEMPATH\CodeIgniter.php(494): CodeIgniter\CodeIgniter->runController(Object(App\Controllers\MainController))
 8 SYSTEMPATH\CodeIgniter.php(353): CodeIgniter\CodeIgniter->handleRequest(null, Object(Config\Cache), false)
 9 FCPATH\index.php(79): CodeIgniter\CodeIgniter->run()
10 SYSTEMPATH\Commands\Server\rewrite.php(47): require_once('D:\\laragon\\www\\Laboratory1\\public\\index.php')
CRITICAL - 2023-09-22 00:25:39 --> Undefined variable $sections
in APPPATH\Views\main.php on line 24.
 1 APPPATH\Views\main.php(24): CodeIgniter\Debug\Exceptions->errorHandler(2, 'Undefined variable $sections', 'D:\\laragon\\www\\Laboratory1\\app\\Views\\main.php', 24)
 2 SYSTEMPATH\View\View.php(226): include('D:\\laragon\\www\\Laboratory1\\app\\Views\\main.php')
 3 SYSTEMPATH\View\View.php(229): CodeIgniter\View\View->CodeIgniter\View\{closure}()
 4 SYSTEMPATH\Common.php(1188): CodeIgniter\View\View->render('main', [], true)
 5 APPPATH\Controllers\MainController.php(55): view('main', [...])
 6 SYSTEMPATH\CodeIgniter.php(919): App\Controllers\MainController->test()
 7 SYSTEMPATH\CodeIgniter.php(494): CodeIgniter\CodeIgniter->runController(Object(App\Controllers\MainController))
 8 SYSTEMPATH\CodeIgniter.php(353): CodeIgniter\CodeIgniter->handleRequest(null, Object(Config\Cache), false)
 9 FCPATH\index.php(79): CodeIgniter\CodeIgniter->run()
10 SYSTEMPATH\Commands\Server\rewrite.php(47): require_once('D:\\laragon\\www\\Laboratory1\\public\\index.php')
CRITICAL - 2023-09-22 00:27:55 --> Undefined variable $sections
in APPPATH\Views\main.php on line 24.
 1 APPPATH\Views\main.php(24): CodeIgniter\Debug\Exceptions->errorHandler(2, 'Undefined variable $sections', 'D:\\laragon\\www\\Laboratory1\\app\\Views\\main.php', 24)
 2 SYSTEMPATH\View\View.php(226): include('D:\\laragon\\www\\Laboratory1\\app\\Views\\main.php')
 3 SYSTEMPATH\View\View.php(229): CodeIgniter\View\View->CodeIgniter\View\{closure}()
 4 SYSTEMPATH\Common.php(1188): CodeIgniter\View\View->render('main', [], true)
 5 APPPATH\Controllers\MainController.php(55): view('main', [...])
 6 SYSTEMPATH\CodeIgniter.php(919): App\Controllers\MainController->test()
 7 SYSTEMPATH\CodeIgniter.php(494): CodeIgniter\CodeIgniter->runController(Object(App\Controllers\MainController))
 8 SYSTEMPATH\CodeIgniter.php(353): CodeIgniter\CodeIgniter->handleRequest(null, Object(Config\Cache), false)
 9 FCPATH\index.php(79): CodeIgniter\CodeIgniter->run()
10 SYSTEMPATH\Commands\Server\rewrite.php(47): require_once('D:\\laragon\\www\\Laboratory1\\public\\index.php')
CRITICAL - 2023-09-22 00:29:54 --> Undefined variable $sections
in APPPATH\Views\main.php on line 24.
 1 APPPATH\Views\main.php(24): CodeIgniter\Debug\Exceptions->errorHandler(2, 'Undefined variable $sections', 'D:\\laragon\\www\\Laboratory1\\app\\Views\\main.php', 24)
 2 SYSTEMPATH\View\View.php(226): include('D:\\laragon\\www\\Laboratory1\\app\\Views\\main.php')
 3 SYSTEMPATH\View\View.php(229): CodeIgniter\View\View->CodeIgniter\View\{closure}()
 4 SYSTEMPATH\Common.php(1188): CodeIgniter\View\View->render('main', [], true)
 5 APPPATH\Controllers\MainController.php(55): view('main', [...])
 6 SYSTEMPATH\CodeIgniter.php(919): App\Controllers\MainController->test()
 7 SYSTEMPATH\CodeIgniter.php(494): CodeIgniter\CodeIgniter->runController(Object(App\Controllers\MainController))
 8 SYSTEMPATH\CodeIgniter.php(353): CodeIgniter\CodeIgniter->handleRequest(null, Object(Config\Cache), false)
 9 FCPATH\index.php(79): CodeIgniter\CodeIgniter->run()
10 SYSTEMPATH\Commands\Server\rewrite.php(47): require_once('D:\\laragon\\www\\Laboratory1\\public\\index.php')
CRITICAL - 2023-09-22 00:29:55 --> Undefined variable $sections
in APPPATH\Views\main.php on line 24.
 1 APPPATH\Views\main.php(24): CodeIgniter\Debug\Exceptions->errorHandler(2, 'Undefined variable $sections', 'D:\\laragon\\www\\Laboratory1\\app\\Views\\main.php', 24)
 2 SYSTEMPATH\View\View.php(226): include('D:\\laragon\\www\\Laboratory1\\app\\Views\\main.php')
 3 SYSTEMPATH\View\View.php(229): CodeIgniter\View\View->CodeIgniter\View\{closure}()
 4 SYSTEMPATH\Common.php(1188): CodeIgniter\View\View->render('main', [], true)
 5 APPPATH\Controllers\MainController.php(55): view('main', [...])
 6 SYSTEMPATH\CodeIgniter.php(919): App\Controllers\MainController->test()
 7 SYSTEMPATH\CodeIgniter.php(494): CodeIgniter\CodeIgniter->runController(Object(App\Controllers\MainController))
 8 SYSTEMPATH\CodeIgniter.php(353): CodeIgniter\CodeIgniter->handleRequest(null, Object(Config\Cache), false)
 9 FCPATH\index.php(79): CodeIgniter\CodeIgniter->run()
10 SYSTEMPATH\Commands\Server\rewrite.php(47): require_once('D:\\laragon\\www\\Laboratory1\\public\\index.php')
