CRITICAL - 2023-09-21 06:46:03 --> Class "App\Controllers\MainModel" not found
in APPPATH\Controllers\MainController.php on line 32.
 1 SYSTEMPATH\CodeIgniter.php(919): App\Controllers\MainController->test()
 2 SYSTEMPATH\CodeIgniter.php(494): CodeIgniter\CodeIgniter->runController(Object(App\Controllers\MainController))
 3 SYSTEMPATH\CodeIgniter.php(353): CodeIgniter\CodeIgniter->handleRequest(null, Object(Config\Cache), false)
 4 FCPATH\index.php(79): CodeIgniter\CodeIgniter->run()
 5 SYSTEMPATH\Commands\Server\rewrite.php(47): require_once('D:\\laragon\\www\\Laboratory1\\public\\index.php')
CRITICAL - 2023-09-21 06:57:10 --> Class "App\Controllers\MainModel" not found
in APPPATH\Controllers\MainController.php on line 12.
 1 SYSTEMPATH\CodeIgniter.php(919): App\Controllers\MainController->test()
 2 SYSTEMPATH\CodeIgniter.php(494): CodeIgniter\CodeIgniter->runController(Object(App\Controllers\MainController))
 3 SYSTEMPATH\CodeIgniter.php(353): CodeIgniter\CodeIgniter->handleRequest(null, Object(Config\Cache), false)
 4 FCPATH\index.php(79): CodeIgniter\CodeIgniter->run()
 5 SYSTEMPATH\Commands\Server\rewrite.php(47): require_once('D:\\laragon\\www\\Laboratory1\\public\\index.php')
CRITICAL - 2023-09-21 06:57:46 --> Class "App\Controllers\MainModel" not found
in APPPATH\Controllers\MainController.php on line 13.
 1 SYSTEMPATH\CodeIgniter.php(919): App\Controllers\MainController->test()
 2 SYSTEMPATH\CodeIgniter.php(494): CodeIgniter\CodeIgniter->runController(Object(App\Controllers\MainController))
 3 SYSTEMPATH\CodeIgniter.php(353): CodeIgniter\CodeIgniter->handleRequest(null, Object(Config\Cache), false)
 4 FCPATH\index.php(79): CodeIgniter\CodeIgniter->run()
 5 SYSTEMPATH\Commands\Server\rewrite.php(47): require_once('D:\\laragon\\www\\Laboratory1\\public\\index.php')
CRITICAL - 2023-09-21 06:58:21 --> Class "App\Controllers\MainModel" not found
in APPPATH\Controllers\MainController.php on line 13.
 1 SYSTEMPATH\CodeIgniter.php(919): App\Controllers\MainController->test()
 2 SYSTEMPATH\CodeIgniter.php(494): CodeIgniter\CodeIgniter->runController(Object(App\Controllers\MainController))
 3 SYSTEMPATH\CodeIgniter.php(353): CodeIgniter\CodeIgniter->handleRequest(null, Object(Config\Cache), false)
 4 FCPATH\index.php(79): CodeIgniter\CodeIgniter->run()
 5 SYSTEMPATH\Commands\Server\rewrite.php(47): require_once('D:\\laragon\\www\\Laboratory1\\public\\index.php')
CRITICAL - 2023-09-21 06:59:14 --> Class "App\Controllers\MainModel" not found
in APPPATH\Controllers\MainController.php on line 13.
 1 SYSTEMPATH\CodeIgniter.php(919): App\Controllers\MainController->test()
 2 SYSTEMPATH\CodeIgniter.php(494): CodeIgniter\CodeIgniter->runController(Object(App\Controllers\MainController))
 3 SYSTEMPATH\CodeIgniter.php(353): CodeIgniter\CodeIgniter->handleRequest(null, Object(Config\Cache), false)
 4 FCPATH\index.php(79): CodeIgniter\CodeIgniter->run()
 5 SYSTEMPATH\Commands\Server\rewrite.php(47): require_once('D:\\laragon\\www\\Laboratory1\\public\\index.php')
CRITICAL - 2023-09-21 06:59:16 --> Class "App\Controllers\MainModel" not found
in APPPATH\Controllers\MainController.php on line 13.
 1 SYSTEMPATH\CodeIgniter.php(919): App\Controllers\MainController->test()
 2 SYSTEMPATH\CodeIgniter.php(494): CodeIgniter\CodeIgniter->runController(Object(App\Controllers\MainController))
 3 SYSTEMPATH\CodeIgniter.php(353): CodeIgniter\CodeIgniter->handleRequest(null, Object(Config\Cache), false)
 4 FCPATH\index.php(79): CodeIgniter\CodeIgniter->run()
 5 SYSTEMPATH\Commands\Server\rewrite.php(47): require_once('D:\\laragon\\www\\Laboratory1\\public\\index.php')
CRITICAL - 2023-09-21 06:59:16 --> Class "App\Controllers\MainModel" not found
in APPPATH\Controllers\MainController.php on line 13.
 1 SYSTEMPATH\CodeIgniter.php(919): App\Controllers\MainController->test()
 2 SYSTEMPATH\CodeIgniter.php(494): CodeIgniter\CodeIgniter->runController(Object(App\Controllers\MainController))
 3 SYSTEMPATH\CodeIgniter.php(353): CodeIgniter\CodeIgniter->handleRequest(null, Object(Config\Cache), false)
 4 FCPATH\index.php(79): CodeIgniter\CodeIgniter->run()
 5 SYSTEMPATH\Commands\Server\rewrite.php(47): require_once('D:\\laragon\\www\\Laboratory1\\public\\index.php')
CRITICAL - 2023-09-21 07:01:29 --> Class "App\Controllers\MainModel" not found
in APPPATH\Controllers\MainController.php on line 13.
 1 SYSTEMPATH\CodeIgniter.php(919): App\Controllers\MainController->test()
 2 SYSTEMPATH\CodeIgniter.php(494): CodeIgniter\CodeIgniter->runController(Object(App\Controllers\MainController))
 3 SYSTEMPATH\CodeIgniter.php(353): CodeIgniter\CodeIgniter->handleRequest(null, Object(Config\Cache), false)
 4 FCPATH\index.php(79): CodeIgniter\CodeIgniter->run()
 5 SYSTEMPATH\Commands\Server\rewrite.php(47): require_once('D:\\laragon\\www\\Laboratory1\\public\\index.php')
CRITICAL - 2023-09-21 07:01:55 --> Undefined constant "App\Controllers\data"
in APPPATH\Controllers\MainController.php on line 16.
 1 SYSTEMPATH\CodeIgniter.php(919): App\Controllers\MainController->test()
 2 SYSTEMPATH\CodeIgniter.php(494): CodeIgniter\CodeIgniter->runController(Object(App\Controllers\MainController))
 3 SYSTEMPATH\CodeIgniter.php(353): CodeIgniter\CodeIgniter->handleRequest(null, Object(Config\Cache), false)
 4 FCPATH\index.php(79): CodeIgniter\CodeIgniter->run()
 5 SYSTEMPATH\Commands\Server\rewrite.php(47): require_once('D:\\laragon\\www\\Laboratory1\\public\\index.php')
CRITICAL - 2023-09-21 07:36:58 --> Undefined array key "ID"
in APPPATH\Views\main.php on line 47.
 1 APPPATH\Views\main.php(47): CodeIgniter\Debug\Exceptions->errorHandler(2, 'Undefined array key "ID"', 'D:\\laragon\\www\\Laboratory1\\app\\Views\\main.php', 47)
 2 SYSTEMPATH\View\View.php(226): include('D:\\laragon\\www\\Laboratory1\\app\\Views\\main.php')
 3 SYSTEMPATH\View\View.php(229): CodeIgniter\View\View->CodeIgniter\View\{closure}()
 4 SYSTEMPATH\Common.php(1188): CodeIgniter\View\View->render('main', [], true)
 5 APPPATH\Controllers\MainController.php(38): view('main', [...])
 6 SYSTEMPATH\CodeIgniter.php(919): App\Controllers\MainController->test()
 7 SYSTEMPATH\CodeIgniter.php(494): CodeIgniter\CodeIgniter->runController(Object(App\Controllers\MainController))
 8 SYSTEMPATH\CodeIgniter.php(353): CodeIgniter\CodeIgniter->handleRequest(null, Object(Config\Cache), false)
 9 FCPATH\index.php(79): CodeIgniter\CodeIgniter->run()
10 SYSTEMPATH\Commands\Server\rewrite.php(47): require_once('D:\\laragon\\www\\Laboratory1\\public\\index.php')
CRITICAL - 2023-09-21 07:37:17 --> Undefined array key "ID"
in APPPATH\Views\main.php on line 47.
 1 APPPATH\Views\main.php(47): CodeIgniter\Debug\Exceptions->errorHandler(2, 'Undefined array key "ID"', 'D:\\laragon\\www\\Laboratory1\\app\\Views\\main.php', 47)
 2 SYSTEMPATH\View\View.php(226): include('D:\\laragon\\www\\Laboratory1\\app\\Views\\main.php')
 3 SYSTEMPATH\View\View.php(229): CodeIgniter\View\View->CodeIgniter\View\{closure}()
 4 SYSTEMPATH\Common.php(1188): CodeIgniter\View\View->render('main', [], true)
 5 APPPATH\Controllers\MainController.php(38): view('main', [...])
 6 SYSTEMPATH\CodeIgniter.php(919): App\Controllers\MainController->test()
 7 SYSTEMPATH\CodeIgniter.php(494): CodeIgniter\CodeIgniter->runController(Object(App\Controllers\MainController))
 8 SYSTEMPATH\CodeIgniter.php(353): CodeIgniter\CodeIgniter->handleRequest(null, Object(Config\Cache), false)
 9 FCPATH\index.php(79): CodeIgniter\CodeIgniter->run()
10 SYSTEMPATH\Commands\Server\rewrite.php(47): require_once('D:\\laragon\\www\\Laboratory1\\public\\index.php')
ERROR - 2023-09-21 07:38:41 --> mysqli_sql_exception: Unknown column 'ID' in 'where clause' in D:\laragon\www\Laboratory1\system\Database\MySQLi\Connection.php:306
Stack trace:
#0 D:\laragon\www\Laboratory1\system\Database\MySQLi\Connection.php(306): mysqli->query('SELECT *\nFROM `...', 0)
#1 D:\laragon\www\Laboratory1\system\Database\BaseConnection.php(692): CodeIgniter\Database\MySQLi\Connection->execute('SELECT *\nFROM `...')
#2 D:\laragon\www\Laboratory1\system\Database\BaseConnection.php(606): CodeIgniter\Database\BaseConnection->simpleQuery('SELECT *\nFROM `...')
#3 D:\laragon\www\Laboratory1\system\Database\BaseBuilder.php(1615): CodeIgniter\Database\BaseConnection->query('SELECT *\nFROM `...', Array, false)
#4 D:\laragon\www\Laboratory1\system\Model.php(264): CodeIgniter\Database\BaseBuilder->get()
#5 D:\laragon\www\Laboratory1\system\BaseModel.php(662): CodeIgniter\Model->doFirst()
#6 D:\laragon\www\Laboratory1\app\Controllers\MainController.php(45): CodeIgniter\BaseModel->first()
#7 D:\laragon\www\Laboratory1\system\CodeIgniter.php(919): App\Controllers\MainController->edit('1')
#8 D:\laragon\www\Laboratory1\system\CodeIgniter.php(494): CodeIgniter\CodeIgniter->runController(Object(App\Controllers\MainController))
#9 D:\laragon\www\Laboratory1\system\CodeIgniter.php(353): CodeIgniter\CodeIgniter->handleRequest(NULL, Object(Config\Cache), false)
#10 D:\laragon\www\Laboratory1\public\index.php(79): CodeIgniter\CodeIgniter->run()
#11 D:\laragon\www\Laboratory1\system\Commands\Server\rewrite.php(47): require_once('D:\\laragon\\www\\...')
#12 {main}
CRITICAL - 2023-09-21 07:38:41 --> Unknown column 'ID' in 'where clause'
in SYSTEMPATH\Database\BaseConnection.php on line 646.
 1 SYSTEMPATH\Database\BaseBuilder.php(1615): CodeIgniter\Database\BaseConnection->query('SELECT *
FROM `table_students`
WHERE `ID` = :ID:
 LIMIT 1', [...], false)
 2 SYSTEMPATH\Model.php(264): CodeIgniter\Database\BaseBuilder->get()
 3 SYSTEMPATH\BaseModel.php(662): CodeIgniter\Model->doFirst()
 4 APPPATH\Controllers\MainController.php(45): CodeIgniter\BaseModel->first()
 5 SYSTEMPATH\CodeIgniter.php(919): App\Controllers\MainController->edit('1')
 6 SYSTEMPATH\CodeIgniter.php(494): CodeIgniter\CodeIgniter->runController(Object(App\Controllers\MainController))
 7 SYSTEMPATH\CodeIgniter.php(353): CodeIgniter\CodeIgniter->handleRequest(null, Object(Config\Cache), false)
 8 FCPATH\index.php(79): CodeIgniter\CodeIgniter->run()
 9 SYSTEMPATH\Commands\Server\rewrite.php(47): require_once('D:\\laragon\\www\\Laboratory1\\public\\index.php')
ERROR - 2023-09-21 07:39:14 --> mysqli_sql_exception: Unknown column 'ID' in 'where clause' in D:\laragon\www\Laboratory1\system\Database\MySQLi\Connection.php:306
Stack trace:
#0 D:\laragon\www\Laboratory1\system\Database\MySQLi\Connection.php(306): mysqli->query('SELECT *\nFROM `...', 0)
#1 D:\laragon\www\Laboratory1\system\Database\BaseConnection.php(692): CodeIgniter\Database\MySQLi\Connection->execute('SELECT *\nFROM `...')
#2 D:\laragon\www\Laboratory1\system\Database\BaseConnection.php(606): CodeIgniter\Database\BaseConnection->simpleQuery('SELECT *\nFROM `...')
#3 D:\laragon\www\Laboratory1\system\Database\BaseBuilder.php(1615): CodeIgniter\Database\BaseConnection->query('SELECT *\nFROM `...', Array, false)
#4 D:\laragon\www\Laboratory1\system\Model.php(264): CodeIgniter\Database\BaseBuilder->get()
#5 D:\laragon\www\Laboratory1\system\BaseModel.php(662): CodeIgniter\Model->doFirst()
#6 D:\laragon\www\Laboratory1\app\Controllers\MainController.php(45): CodeIgniter\BaseModel->first()
#7 D:\laragon\www\Laboratory1\system\CodeIgniter.php(919): App\Controllers\MainController->edit('1')
#8 D:\laragon\www\Laboratory1\system\CodeIgniter.php(494): CodeIgniter\CodeIgniter->runController(Object(App\Controllers\MainController))
#9 D:\laragon\www\Laboratory1\system\CodeIgniter.php(353): CodeIgniter\CodeIgniter->handleRequest(NULL, Object(Config\Cache), false)
#10 D:\laragon\www\Laboratory1\public\index.php(79): CodeIgniter\CodeIgniter->run()
#11 D:\laragon\www\Laboratory1\system\Commands\Server\rewrite.php(47): require_once('D:\\laragon\\www\\...')
#12 {main}
CRITICAL - 2023-09-21 07:39:14 --> Unknown column 'ID' in 'where clause'
in SYSTEMPATH\Database\BaseConnection.php on line 646.
 1 SYSTEMPATH\Database\BaseBuilder.php(1615): CodeIgniter\Database\BaseConnection->query('SELECT *
FROM `table_students`
WHERE `ID` = :ID:
 LIMIT 1', [...], false)
 2 SYSTEMPATH\Model.php(264): CodeIgniter\Database\BaseBuilder->get()
 3 SYSTEMPATH\BaseModel.php(662): CodeIgniter\Model->doFirst()
 4 APPPATH\Controllers\MainController.php(45): CodeIgniter\BaseModel->first()
 5 SYSTEMPATH\CodeIgniter.php(919): App\Controllers\MainController->edit('1')
 6 SYSTEMPATH\CodeIgniter.php(494): CodeIgniter\CodeIgniter->runController(Object(App\Controllers\MainController))
 7 SYSTEMPATH\CodeIgniter.php(353): CodeIgniter\CodeIgniter->handleRequest(null, Object(Config\Cache), false)
 8 FCPATH\index.php(79): CodeIgniter\CodeIgniter->run()
 9 SYSTEMPATH\Commands\Server\rewrite.php(47): require_once('D:\\laragon\\www\\Laboratory1\\public\\index.php')
ERROR - 2023-09-21 07:39:15 --> mysqli_sql_exception: Unknown column 'ID' in 'where clause' in D:\laragon\www\Laboratory1\system\Database\MySQLi\Connection.php:306
Stack trace:
#0 D:\laragon\www\Laboratory1\system\Database\MySQLi\Connection.php(306): mysqli->query('SELECT *\nFROM `...', 0)
#1 D:\laragon\www\Laboratory1\system\Database\BaseConnection.php(692): CodeIgniter\Database\MySQLi\Connection->execute('SELECT *\nFROM `...')
#2 D:\laragon\www\Laboratory1\system\Database\BaseConnection.php(606): CodeIgniter\Database\BaseConnection->simpleQuery('SELECT *\nFROM `...')
#3 D:\laragon\www\Laboratory1\system\Database\BaseBuilder.php(1615): CodeIgniter\Database\BaseConnection->query('SELECT *\nFROM `...', Array, false)
#4 D:\laragon\www\Laboratory1\system\Model.php(264): CodeIgniter\Database\BaseBuilder->get()
#5 D:\laragon\www\Laboratory1\system\BaseModel.php(662): CodeIgniter\Model->doFirst()
#6 D:\laragon\www\Laboratory1\app\Controllers\MainController.php(45): CodeIgniter\BaseModel->first()
#7 D:\laragon\www\Laboratory1\system\CodeIgniter.php(919): App\Controllers\MainController->edit('1')
#8 D:\laragon\www\Laboratory1\system\CodeIgniter.php(494): CodeIgniter\CodeIgniter->runController(Object(App\Controllers\MainController))
#9 D:\laragon\www\Laboratory1\system\CodeIgniter.php(353): CodeIgniter\CodeIgniter->handleRequest(NULL, Object(Config\Cache), false)
#10 D:\laragon\www\Laboratory1\public\index.php(79): CodeIgniter\CodeIgniter->run()
#11 D:\laragon\www\Laboratory1\system\Commands\Server\rewrite.php(47): require_once('D:\\laragon\\www\\...')
#12 {main}
CRITICAL - 2023-09-21 07:39:15 --> Unknown column 'ID' in 'where clause'
in SYSTEMPATH\Database\BaseConnection.php on line 646.
 1 SYSTEMPATH\Database\BaseBuilder.php(1615): CodeIgniter\Database\BaseConnection->query('SELECT *
FROM `table_students`
WHERE `ID` = :ID:
 LIMIT 1', [...], false)
 2 SYSTEMPATH\Model.php(264): CodeIgniter\Database\BaseBuilder->get()
 3 SYSTEMPATH\BaseModel.php(662): CodeIgniter\Model->doFirst()
 4 APPPATH\Controllers\MainController.php(45): CodeIgniter\BaseModel->first()
 5 SYSTEMPATH\CodeIgniter.php(919): App\Controllers\MainController->edit('1')
 6 SYSTEMPATH\CodeIgniter.php(494): CodeIgniter\CodeIgniter->runController(Object(App\Controllers\MainController))
 7 SYSTEMPATH\CodeIgniter.php(353): CodeIgniter\CodeIgniter->handleRequest(null, Object(Config\Cache), false)
 8 FCPATH\index.php(79): CodeIgniter\CodeIgniter->run()
 9 SYSTEMPATH\Commands\Server\rewrite.php(47): require_once('D:\\laragon\\www\\Laboratory1\\public\\index.php')
CRITICAL - 2023-09-21 07:39:16 --> Undefined array key "ID"
in APPPATH\Views\main.php on line 48.
 1 APPPATH\Views\main.php(48): CodeIgniter\Debug\Exceptions->errorHandler(2, 'Undefined array key "ID"', 'D:\\laragon\\www\\Laboratory1\\app\\Views\\main.php', 48)
 2 SYSTEMPATH\View\View.php(226): include('D:\\laragon\\www\\Laboratory1\\app\\Views\\main.php')
 3 SYSTEMPATH\View\View.php(229): CodeIgniter\View\View->CodeIgniter\View\{closure}()
 4 SYSTEMPATH\Common.php(1188): CodeIgniter\View\View->render('main', [], true)
 5 APPPATH\Controllers\MainController.php(55): view('main', [...])
 6 SYSTEMPATH\CodeIgniter.php(919): App\Controllers\MainController->test()
 7 SYSTEMPATH\CodeIgniter.php(494): CodeIgniter\CodeIgniter->runController(Object(App\Controllers\MainController))
 8 SYSTEMPATH\CodeIgniter.php(353): CodeIgniter\CodeIgniter->handleRequest(null, Object(Config\Cache), false)
 9 FCPATH\index.php(79): CodeIgniter\CodeIgniter->run()
10 SYSTEMPATH\Commands\Server\rewrite.php(47): require_once('D:\\laragon\\www\\Laboratory1\\public\\index.php')
CRITICAL - 2023-09-21 07:39:21 --> Undefined array key "ID"
in APPPATH\Views\main.php on line 48.
 1 APPPATH\Views\main.php(48): CodeIgniter\Debug\Exceptions->errorHandler(2, 'Undefined array key "ID"', 'D:\\laragon\\www\\Laboratory1\\app\\Views\\main.php', 48)
 2 SYSTEMPATH\View\View.php(226): include('D:\\laragon\\www\\Laboratory1\\app\\Views\\main.php')
 3 SYSTEMPATH\View\View.php(229): CodeIgniter\View\View->CodeIgniter\View\{closure}()
 4 SYSTEMPATH\Common.php(1188): CodeIgniter\View\View->render('main', [], true)
 5 APPPATH\Controllers\MainController.php(55): view('main', [...])
 6 SYSTEMPATH\CodeIgniter.php(919): App\Controllers\MainController->test()
 7 SYSTEMPATH\CodeIgniter.php(494): CodeIgniter\CodeIgniter->runController(Object(App\Controllers\MainController))
 8 SYSTEMPATH\CodeIgniter.php(353): CodeIgniter\CodeIgniter->handleRequest(null, Object(Config\Cache), false)
 9 FCPATH\index.php(79): CodeIgniter\CodeIgniter->run()
10 SYSTEMPATH\Commands\Server\rewrite.php(47): require_once('D:\\laragon\\www\\Laboratory1\\public\\index.php')
CRITICAL - 2023-09-21 07:41:06 --> Undefined array key "ID"
in APPPATH\Views\main.php on line 48.
 1 APPPATH\Views\main.php(48): CodeIgniter\Debug\Exceptions->errorHandler(2, 'Undefined array key "ID"', 'D:\\laragon\\www\\Laboratory1\\app\\Views\\main.php', 48)
 2 SYSTEMPATH\View\View.php(226): include('D:\\laragon\\www\\Laboratory1\\app\\Views\\main.php')
 3 SYSTEMPATH\View\View.php(229): CodeIgniter\View\View->CodeIgniter\View\{closure}()
 4 SYSTEMPATH\Common.php(1188): CodeIgniter\View\View->render('main', [], true)
 5 APPPATH\Controllers\MainController.php(55): view('main', [...])
 6 SYSTEMPATH\CodeIgniter.php(919): App\Controllers\MainController->test()
 7 SYSTEMPATH\CodeIgniter.php(494): CodeIgniter\CodeIgniter->runController(Object(App\Controllers\MainController))
 8 SYSTEMPATH\CodeIgniter.php(353): CodeIgniter\CodeIgniter->handleRequest(null, Object(Config\Cache), false)
 9 FCPATH\index.php(79): CodeIgniter\CodeIgniter->run()
10 SYSTEMPATH\Commands\Server\rewrite.php(47): require_once('D:\\laragon\\www\\Laboratory1\\public\\index.php')
CRITICAL - 2023-09-21 07:41:09 --> Undefined array key "ID"
in APPPATH\Views\main.php on line 48.
 1 APPPATH\Views\main.php(48): CodeIgniter\Debug\Exceptions->errorHandler(2, 'Undefined array key "ID"', 'D:\\laragon\\www\\Laboratory1\\app\\Views\\main.php', 48)
 2 SYSTEMPATH\View\View.php(226): include('D:\\laragon\\www\\Laboratory1\\app\\Views\\main.php')
 3 SYSTEMPATH\View\View.php(229): CodeIgniter\View\View->CodeIgniter\View\{closure}()
 4 SYSTEMPATH\Common.php(1188): CodeIgniter\View\View->render('main', [], true)
 5 APPPATH\Controllers\MainController.php(55): view('main', [...])
 6 SYSTEMPATH\CodeIgniter.php(919): App\Controllers\MainController->test()
 7 SYSTEMPATH\CodeIgniter.php(494): CodeIgniter\CodeIgniter->runController(Object(App\Controllers\MainController))
 8 SYSTEMPATH\CodeIgniter.php(353): CodeIgniter\CodeIgniter->handleRequest(null, Object(Config\Cache), false)
 9 FCPATH\index.php(79): CodeIgniter\CodeIgniter->run()
10 SYSTEMPATH\Commands\Server\rewrite.php(47): require_once('D:\\laragon\\www\\Laboratory1\\public\\index.php')
ERROR - 2023-09-21 07:44:10 --> mysqli_sql_exception: Unknown column 'ID' in 'where clause' in D:\laragon\www\Laboratory1\system\Database\MySQLi\Connection.php:306
Stack trace:
#0 D:\laragon\www\Laboratory1\system\Database\MySQLi\Connection.php(306): mysqli->query('SELECT *\nFROM `...', 0)
#1 D:\laragon\www\Laboratory1\system\Database\BaseConnection.php(692): CodeIgniter\Database\MySQLi\Connection->execute('SELECT *\nFROM `...')
#2 D:\laragon\www\Laboratory1\system\Database\BaseConnection.php(606): CodeIgniter\Database\BaseConnection->simpleQuery('SELECT *\nFROM `...')
#3 D:\laragon\www\Laboratory1\system\Database\BaseBuilder.php(1615): CodeIgniter\Database\BaseConnection->query('SELECT *\nFROM `...', Array, false)
#4 D:\laragon\www\Laboratory1\system\Model.php(264): CodeIgniter\Database\BaseBuilder->get()
#5 D:\laragon\www\Laboratory1\system\BaseModel.php(662): CodeIgniter\Model->doFirst()
#6 D:\laragon\www\Laboratory1\app\Controllers\MainController.php(45): CodeIgniter\BaseModel->first()
#7 D:\laragon\www\Laboratory1\system\CodeIgniter.php(919): App\Controllers\MainController->edit('2')
#8 D:\laragon\www\Laboratory1\system\CodeIgniter.php(494): CodeIgniter\CodeIgniter->runController(Object(App\Controllers\MainController))
#9 D:\laragon\www\Laboratory1\system\CodeIgniter.php(353): CodeIgniter\CodeIgniter->handleRequest(NULL, Object(Config\Cache), false)
#10 D:\laragon\www\Laboratory1\public\index.php(79): CodeIgniter\CodeIgniter->run()
#11 D:\laragon\www\Laboratory1\system\Commands\Server\rewrite.php(47): require_once('D:\\laragon\\www\\...')
#12 {main}
CRITICAL - 2023-09-21 07:44:10 --> Unknown column 'ID' in 'where clause'
in SYSTEMPATH\Database\BaseConnection.php on line 646.
 1 SYSTEMPATH\Database\BaseBuilder.php(1615): CodeIgniter\Database\BaseConnection->query('SELECT *
FROM `table_students`
WHERE `ID` = :ID:
 LIMIT 1', [...], false)
 2 SYSTEMPATH\Model.php(264): CodeIgniter\Database\BaseBuilder->get()
 3 SYSTEMPATH\BaseModel.php(662): CodeIgniter\Model->doFirst()
 4 APPPATH\Controllers\MainController.php(45): CodeIgniter\BaseModel->first()
 5 SYSTEMPATH\CodeIgniter.php(919): App\Controllers\MainController->edit('2')
 6 SYSTEMPATH\CodeIgniter.php(494): CodeIgniter\CodeIgniter->runController(Object(App\Controllers\MainController))
 7 SYSTEMPATH\CodeIgniter.php(353): CodeIgniter\CodeIgniter->handleRequest(null, Object(Config\Cache), false)
 8 FCPATH\index.php(79): CodeIgniter\CodeIgniter->run()
 9 SYSTEMPATH\Commands\Server\rewrite.php(47): require_once('D:\\laragon\\www\\Laboratory1\\public\\index.php')
ERROR - 2023-09-21 07:44:54 --> mysqli_sql_exception: Unknown column 'ID' in 'where clause' in D:\laragon\www\Laboratory1\system\Database\MySQLi\Connection.php:306
Stack trace:
#0 D:\laragon\www\Laboratory1\system\Database\MySQLi\Connection.php(306): mysqli->query('SELECT *\nFROM `...', 0)
#1 D:\laragon\www\Laboratory1\system\Database\BaseConnection.php(692): CodeIgniter\Database\MySQLi\Connection->execute('SELECT *\nFROM `...')
#2 D:\laragon\www\Laboratory1\system\Database\BaseConnection.php(606): CodeIgniter\Database\BaseConnection->simpleQuery('SELECT *\nFROM `...')
#3 D:\laragon\www\Laboratory1\system\Database\BaseBuilder.php(1615): CodeIgniter\Database\BaseConnection->query('SELECT *\nFROM `...', Array, false)
#4 D:\laragon\www\Laboratory1\system\Model.php(264): CodeIgniter\Database\BaseBuilder->get()
#5 D:\laragon\www\Laboratory1\system\BaseModel.php(662): CodeIgniter\Model->doFirst()
#6 D:\laragon\www\Laboratory1\app\Controllers\MainController.php(45): CodeIgniter\BaseModel->first()
#7 D:\laragon\www\Laboratory1\system\CodeIgniter.php(919): App\Controllers\MainController->edit('2')
#8 D:\laragon\www\Laboratory1\system\CodeIgniter.php(494): CodeIgniter\CodeIgniter->runController(Object(App\Controllers\MainController))
#9 D:\laragon\www\Laboratory1\system\CodeIgniter.php(353): CodeIgniter\CodeIgniter->handleRequest(NULL, Object(Config\Cache), false)
#10 D:\laragon\www\Laboratory1\public\index.php(79): CodeIgniter\CodeIgniter->run()
#11 D:\laragon\www\Laboratory1\system\Commands\Server\rewrite.php(47): require_once('D:\\laragon\\www\\...')
#12 {main}
CRITICAL - 2023-09-21 07:44:54 --> Unknown column 'ID' in 'where clause'
in SYSTEMPATH\Database\BaseConnection.php on line 646.
 1 SYSTEMPATH\Database\BaseBuilder.php(1615): CodeIgniter\Database\BaseConnection->query('SELECT *
FROM `table_students`
WHERE `ID` = :ID:
 LIMIT 1', [...], false)
 2 SYSTEMPATH\Model.php(264): CodeIgniter\Database\BaseBuilder->get()
 3 SYSTEMPATH\BaseModel.php(662): CodeIgniter\Model->doFirst()
 4 APPPATH\Controllers\MainController.php(45): CodeIgniter\BaseModel->first()
 5 SYSTEMPATH\CodeIgniter.php(919): App\Controllers\MainController->edit('2')
 6 SYSTEMPATH\CodeIgniter.php(494): CodeIgniter\CodeIgniter->runController(Object(App\Controllers\MainController))
 7 SYSTEMPATH\CodeIgniter.php(353): CodeIgniter\CodeIgniter->handleRequest(null, Object(Config\Cache), false)
 8 FCPATH\index.php(79): CodeIgniter\CodeIgniter->run()
 9 SYSTEMPATH\Commands\Server\rewrite.php(47): require_once('D:\\laragon\\www\\Laboratory1\\public\\index.php')
ERROR - 2023-09-21 07:48:04 --> mysqli_sql_exception: Unknown column 'ID' in 'where clause' in D:\laragon\www\Laboratory1\system\Database\MySQLi\Connection.php:306
Stack trace:
#0 D:\laragon\www\Laboratory1\system\Database\MySQLi\Connection.php(306): mysqli->query('SELECT *\nFROM `...', 0)
#1 D:\laragon\www\Laboratory1\system\Database\BaseConnection.php(692): CodeIgniter\Database\MySQLi\Connection->execute('SELECT *\nFROM `...')
#2 D:\laragon\www\Laboratory1\system\Database\BaseConnection.php(606): CodeIgniter\Database\BaseConnection->simpleQuery('SELECT *\nFROM `...')
#3 D:\laragon\www\Laboratory1\system\Database\BaseBuilder.php(1615): CodeIgniter\Database\BaseConnection->query('SELECT *\nFROM `...', Array, false)
#4 D:\laragon\www\Laboratory1\system\Model.php(264): CodeIgniter\Database\BaseBuilder->get()
#5 D:\laragon\www\Laboratory1\system\BaseModel.php(662): CodeIgniter\Model->doFirst()
#6 D:\laragon\www\Laboratory1\app\Controllers\MainController.php(45): CodeIgniter\BaseModel->first()
#7 D:\laragon\www\Laboratory1\system\CodeIgniter.php(919): App\Controllers\MainController->edit('2')
#8 D:\laragon\www\Laboratory1\system\CodeIgniter.php(494): CodeIgniter\CodeIgniter->runController(Object(App\Controllers\MainController))
#9 D:\laragon\www\Laboratory1\system\CodeIgniter.php(353): CodeIgniter\CodeIgniter->handleRequest(NULL, Object(Config\Cache), false)
#10 D:\laragon\www\Laboratory1\public\index.php(79): CodeIgniter\CodeIgniter->run()
#11 D:\laragon\www\Laboratory1\system\Commands\Server\rewrite.php(47): require_once('D:\\laragon\\www\\...')
#12 {main}
CRITICAL - 2023-09-21 07:48:04 --> Unknown column 'ID' in 'where clause'
in SYSTEMPATH\Database\BaseConnection.php on line 646.
 1 SYSTEMPATH\Database\BaseBuilder.php(1615): CodeIgniter\Database\BaseConnection->query('SELECT *
FROM `table_students`
WHERE `ID` = :ID:
 LIMIT 1', [...], false)
 2 SYSTEMPATH\Model.php(264): CodeIgniter\Database\BaseBuilder->get()
 3 SYSTEMPATH\BaseModel.php(662): CodeIgniter\Model->doFirst()
 4 APPPATH\Controllers\MainController.php(45): CodeIgniter\BaseModel->first()
 5 SYSTEMPATH\CodeIgniter.php(919): App\Controllers\MainController->edit('2')
 6 SYSTEMPATH\CodeIgniter.php(494): CodeIgniter\CodeIgniter->runController(Object(App\Controllers\MainController))
 7 SYSTEMPATH\CodeIgniter.php(353): CodeIgniter\CodeIgniter->handleRequest(null, Object(Config\Cache), false)
 8 FCPATH\index.php(79): CodeIgniter\CodeIgniter->run()
 9 SYSTEMPATH\Commands\Server\rewrite.php(47): require_once('D:\\laragon\\www\\Laboratory1\\public\\index.php')
